[INFO] Scanning for projects...
[INFO] 
[INFO] ------------------------------------------------------------------------
[INFO] Building recipes 0.0.1-SNAPSHOT
[INFO] ------------------------------------------------------------------------
[INFO] 
[INFO] --- maven-clean-plugin:3.1.0:clean (default-clean) @ recipes ---
[INFO] Deleting C:\Users\alkam\IdeaProjects\Recipes\target
[INFO] 
[INFO] --- maven-resources-plugin:3.1.0:resources (default-resources) @ recipes ---
[INFO] Using 'UTF-8' encoding to copy filtered resources.
[INFO] Copying 1 resource
[INFO] Copying 2 resources
[INFO] 
[INFO] --- maven-compiler-plugin:3.8.1:compile (default-compile) @ recipes ---
[INFO] Changes detected - recompiling the module!
[INFO] Compiling 4 source files to C:\Users\alkam\IdeaProjects\Recipes\target\classes
[INFO] 
[INFO] --- maven-resources-plugin:3.1.0:testResources (default-testResources) @ recipes ---
[INFO] Using 'UTF-8' encoding to copy filtered resources.
[INFO] skip non existing resourceDirectory C:\Users\alkam\IdeaProjects\Recipes\src\test\resources
[INFO] 
[INFO] --- maven-compiler-plugin:3.8.1:testCompile (default-testCompile) @ recipes ---
[INFO] Changes detected - recompiling the module!
[INFO] Compiling 1 source file to C:\Users\alkam\IdeaProjects\Recipes\target\test-classes
[INFO] 
[INFO] --- maven-surefire-plugin:2.22.2:test (default-test) @ recipes ---
[INFO] 
[INFO] -------------------------------------------------------
[INFO]  T E S T S
[INFO] -------------------------------------------------------
[INFO] Running com.samsolutions.recipes.RecipesApplicationTests
19:28:41.032 [main] DEBUG org.springframework.test.context.junit4.SpringJUnit4ClassRunner - SpringJUnit4ClassRunner constructor called with [class com.samsolutions.recipes.RecipesApplicationTests]
19:28:41.037 [main] DEBUG org.springframework.test.context.BootstrapUtils - Instantiating CacheAwareContextLoaderDelegate from class [org.springframework.test.context.cache.DefaultCacheAwareContextLoaderDelegate]
19:28:41.044 [main] DEBUG org.springframework.test.context.BootstrapUtils - Instantiating BootstrapContext using constructor [public org.springframework.test.context.support.DefaultBootstrapContext(java.lang.Class,org.springframework.test.context.CacheAwareContextLoaderDelegate)]
19:28:41.061 [main] DEBUG org.springframework.test.context.BootstrapUtils - Instantiating TestContextBootstrapper for test class [com.samsolutions.recipes.RecipesApplicationTests] from class [org.springframework.boot.test.context.SpringBootTestContextBootstrapper]
19:28:41.072 [main] INFO org.springframework.boot.test.context.SpringBootTestContextBootstrapper - Neither @ContextConfiguration nor @ContextHierarchy found for test class [com.samsolutions.recipes.RecipesApplicationTests], using SpringBootContextLoader
19:28:41.076 [main] DEBUG org.springframework.test.context.support.AbstractContextLoader - Did not detect default resource location for test class [com.samsolutions.recipes.RecipesApplicationTests]: class path resource [com/samsolutions/recipes/RecipesApplicationTests-context.xml] does not exist
19:28:41.076 [main] DEBUG org.springframework.test.context.support.AbstractContextLoader - Did not detect default resource location for test class [com.samsolutions.recipes.RecipesApplicationTests]: class path resource [com/samsolutions/recipes/RecipesApplicationTestsContext.groovy] does not exist
19:28:41.076 [main] INFO org.springframework.test.context.support.AbstractContextLoader - Could not detect default resource locations for test class [com.samsolutions.recipes.RecipesApplicationTests]: no resource found for suffixes {-context.xml, Context.groovy}.
19:28:41.077 [main] INFO org.springframework.test.context.support.AnnotationConfigContextLoaderUtils - Could not detect default configuration classes for test class [com.samsolutions.recipes.RecipesApplicationTests]: RecipesApplicationTests does not declare any static, non-private, non-final, nested classes annotated with @Configuration.
19:28:41.113 [main] DEBUG org.springframework.test.context.support.ActiveProfilesUtils - Could not find an 'annotation declaring class' for annotation type [org.springframework.test.context.ActiveProfiles] and class [com.samsolutions.recipes.RecipesApplicationTests]
19:28:41.178 [main] DEBUG org.springframework.context.annotation.ClassPathScanningCandidateComponentProvider - Identified candidate component class: file [C:\Users\alkam\IdeaProjects\Recipes\target\classes\com\samsolutions\recipes\RecipesApplication.class]
19:28:41.180 [main] INFO org.springframework.boot.test.context.SpringBootTestContextBootstrapper - Found @SpringBootConfiguration com.samsolutions.recipes.RecipesApplication for test class com.samsolutions.recipes.RecipesApplicationTests
19:28:41.267 [main] DEBUG org.springframework.boot.test.context.SpringBootTestContextBootstrapper - @TestExecutionListeners is not present for class [com.samsolutions.recipes.RecipesApplicationTests]: using defaults.
19:28:41.268 [main] INFO org.springframework.boot.test.context.SpringBootTestContextBootstrapper - Loaded default TestExecutionListener class names from location [META-INF/spring.factories]: [org.springframework.boot.test.mock.mockito.MockitoTestExecutionListener, org.springframework.boot.test.mock.mockito.ResetMocksTestExecutionListener, org.springframework.boot.test.autoconfigure.restdocs.RestDocsTestExecutionListener, org.springframework.boot.test.autoconfigure.web.client.MockRestServiceServerResetTestExecutionListener, org.springframework.boot.test.autoconfigure.web.servlet.MockMvcPrintOnlyOnFailureTestExecutionListener, org.springframework.boot.test.autoconfigure.web.servlet.WebDriverTestExecutionListener, org.springframework.test.context.web.ServletTestExecutionListener, org.springframework.test.context.support.DirtiesContextBeforeModesTestExecutionListener, org.springframework.test.context.support.DependencyInjectionTestExecutionListener, org.springframework.test.context.support.DirtiesContextTestExecutionListener, org.springframework.test.context.transaction.TransactionalTestExecutionListener, org.springframework.test.context.jdbc.SqlScriptsTestExecutionListener]
19:28:41.289 [main] INFO org.springframework.boot.test.context.SpringBootTestContextBootstrapper - Using TestExecutionListeners: [org.springframework.test.context.web.ServletTestExecutionListener@3e694b3f, org.springframework.test.context.support.DirtiesContextBeforeModesTestExecutionListener@1bb5a082, org.springframework.boot.test.mock.mockito.MockitoTestExecutionListener@78691363, org.springframework.boot.test.autoconfigure.SpringBootDependencyInjectionTestExecutionListener@41d477ed, org.springframework.test.context.support.DirtiesContextTestExecutionListener@3590fc5b, org.springframework.test.context.transaction.TransactionalTestExecutionListener@397fbdb, org.springframework.test.context.jdbc.SqlScriptsTestExecutionListener@33d512c1, org.springframework.boot.test.mock.mockito.ResetMocksTestExecutionListener@515c6049, org.springframework.boot.test.autoconfigure.restdocs.RestDocsTestExecutionListener@639c2c1d, org.springframework.boot.test.autoconfigure.web.client.MockRestServiceServerResetTestExecutionListener@5fe94a96, org.springframework.boot.test.autoconfigure.web.servlet.MockMvcPrintOnlyOnFailureTestExecutionListener@443118b0, org.springframework.boot.test.autoconfigure.web.servlet.WebDriverTestExecutionListener@765d7657]
19:28:41.292 [main] DEBUG org.springframework.test.annotation.ProfileValueUtils - Retrieved @ProfileValueSourceConfiguration [null] for test class [com.samsolutions.recipes.RecipesApplicationTests]
19:28:41.292 [main] DEBUG org.springframework.test.annotation.ProfileValueUtils - Retrieved ProfileValueSource type [class org.springframework.test.annotation.SystemProfileValueSource] for class [com.samsolutions.recipes.RecipesApplicationTests]
19:28:41.294 [main] DEBUG org.springframework.test.annotation.ProfileValueUtils - Retrieved @ProfileValueSourceConfiguration [null] for test class [com.samsolutions.recipes.RecipesApplicationTests]
19:28:41.294 [main] DEBUG org.springframework.test.annotation.ProfileValueUtils - Retrieved ProfileValueSource type [class org.springframework.test.annotation.SystemProfileValueSource] for class [com.samsolutions.recipes.RecipesApplicationTests]
19:28:41.295 [main] DEBUG org.springframework.test.annotation.ProfileValueUtils - Retrieved @ProfileValueSourceConfiguration [null] for test class [com.samsolutions.recipes.RecipesApplicationTests]
19:28:41.295 [main] DEBUG org.springframework.test.annotation.ProfileValueUtils - Retrieved ProfileValueSource type [class org.springframework.test.annotation.SystemProfileValueSource] for class [com.samsolutions.recipes.RecipesApplicationTests]
19:28:41.299 [main] DEBUG org.springframework.test.context.support.AbstractDirtiesContextTestExecutionListener - Before test class: context [DefaultTestContext@43bc63a3 testClass = RecipesApplicationTests, testInstance = [null], testMethod = [null], testException = [null], mergedContextConfiguration = [WebMergedContextConfiguration@702657cc testClass = RecipesApplicationTests, locations = '{}', classes = '{class com.samsolutions.recipes.RecipesApplication}', contextInitializerClasses = '[]', activeProfiles = '{}', propertySourceLocations = '{}', propertySourceProperties = '{org.springframework.boot.test.context.SpringBootTestContextBootstrapper=true}', contextCustomizers = set[org.springframework.boot.test.context.filter.ExcludeFilterContextCustomizer@365185bd, org.springframework.boot.test.json.DuplicateJsonObjectContextCustomizerFactory$DuplicateJsonObjectContextCustomizer@42607a4f, org.springframework.boot.test.mock.mockito.MockitoContextCustomizer@0, org.springframework.boot.test.web.client.TestRestTemplateContextCustomizer@4cf4d528, org.springframework.boot.test.autoconfigure.properties.PropertyMappingContextCustomizer@0, org.springframework.boot.test.autoconfigure.web.servlet.WebDriverContextCustomizerFactory$Customizer@6fb0d3ed], resourceBasePath = 'src/main/webapp', contextLoader = 'org.springframework.boot.test.context.SpringBootContextLoader', parent = [null]], attributes = map['org.springframework.test.context.web.ServletTestExecutionListener.activateListener' -> true]], class annotated with @DirtiesContext [false] with mode [null].
19:28:41.300 [main] DEBUG org.springframework.test.annotation.ProfileValueUtils - Retrieved @ProfileValueSourceConfiguration [null] for test class [com.samsolutions.recipes.RecipesApplicationTests]
19:28:41.301 [main] DEBUG org.springframework.test.annotation.ProfileValueUtils - Retrieved ProfileValueSource type [class org.springframework.test.annotation.SystemProfileValueSource] for class [com.samsolutions.recipes.RecipesApplicationTests]
19:28:41.324 [main] DEBUG org.springframework.test.context.support.TestPropertySourceUtils - Adding inlined properties to environment: {spring.jmx.enabled=false, org.springframework.boot.test.context.SpringBootTestContextBootstrapper=true, server.port=-1}

  .   ____          _            __ _ _
 /\\ / ___'_ __ _ _(_)_ __  __ _ \ \ \ \
( ( )\___ | '_ | '_| | '_ \/ _` | \ \ \ \
 \\/  ___)| |_)| | | | | || (_| |  ) ) ) )
  '  |____| .__|_| |_|_| |_\__, | / / / /
 =========|_|==============|___/=/_/_/_/
 :: Spring Boot ::        (v2.1.9.RELEASE)

2019-10-21 19:28:41.590  INFO 1488 --- [           main] c.s.recipes.RecipesApplicationTests      : Starting RecipesApplicationTests on SC0492 with PID 1488 (started by alkam in C:\Users\alkam\IdeaProjects\Recipes)
2019-10-21 19:28:41.591  INFO 1488 --- [           main] c.s.recipes.RecipesApplicationTests      : No active profile set, falling back to default profiles: default
2019-10-21 19:28:42.344  INFO 1488 --- [           main] .s.d.r.c.RepositoryConfigurationDelegate : Multiple Spring Data modules found, entering strict repository configuration mode!
2019-10-21 19:28:42.345  INFO 1488 --- [           main] .s.d.r.c.RepositoryConfigurationDelegate : Bootstrapping Spring Data repositories in DEFAULT mode.
2019-10-21 19:28:42.365  INFO 1488 --- [           main] .s.d.r.c.RepositoryConfigurationDelegate : Finished Spring Data repository scanning in 15ms. Found 0 repository interfaces.
2019-10-21 19:28:42.373  INFO 1488 --- [           main] .s.d.r.c.RepositoryConfigurationDelegate : Multiple Spring Data modules found, entering strict repository configuration mode!
2019-10-21 19:28:42.374  INFO 1488 --- [           main] .s.d.r.c.RepositoryConfigurationDelegate : Bootstrapping Spring Data repositories in DEFAULT mode.
2019-10-21 19:28:42.380  INFO 1488 --- [           main] .s.d.r.c.RepositoryConfigurationDelegate : Finished Spring Data repository scanning in 3ms. Found 0 repository interfaces.
2019-10-21 19:28:42.760  INFO 1488 --- [           main] trationDelegate$BeanPostProcessorChecker : Bean 'org.springframework.transaction.annotation.ProxyTransactionManagementConfiguration' of type [org.springframework.transaction.annotation.ProxyTransactionManagementConfiguration$$EnhancerBySpringCGLIB$$1d788e33] is not eligible for getting processed by all BeanPostProcessors (for example: not eligible for auto-proxying)
2019-10-21 19:28:42.950  INFO 1488 --- [           main] o.f.c.internal.license.VersionPrinter    : Flyway Community Edition 5.2.4 by Boxfuse
2019-10-21 19:28:42.958  INFO 1488 --- [           main] com.zaxxer.hikari.HikariDataSource       : HikariPool-1 - Starting...
2019-10-21 19:28:43.117  INFO 1488 --- [           main] com.zaxxer.hikari.HikariDataSource       : HikariPool-1 - Start completed.
2019-10-21 19:28:43.119  INFO 1488 --- [           main] o.f.c.internal.database.DatabaseFactory  : Database: jdbc:mysql://localhost:3306/recipes (MySQL 5.7)
2019-10-21 19:28:43.236  INFO 1488 --- [           main] o.f.core.internal.command.DbValidate     : Successfully validated 1 migration (execution time 00:00.019s)
2019-10-21 19:28:43.247  INFO 1488 --- [           main] o.f.core.internal.command.DbMigrate      : Current version of schema `recipes`: 1
2019-10-21 19:28:43.248  INFO 1488 --- [           main] o.f.core.internal.command.DbMigrate      : Schema `recipes` is up to date. No migration necessary.
2019-10-21 19:28:43.387  INFO 1488 --- [           main] o.hibernate.jpa.internal.util.LogHelper  : HHH000204: Processing PersistenceUnitInfo [
	name: default
	...]
2019-10-21 19:28:43.453  INFO 1488 --- [           main] org.hibernate.Version                    : HHH000412: Hibernate Core {5.3.12.Final}
2019-10-21 19:28:43.456  INFO 1488 --- [           main] org.hibernate.cfg.Environment            : HHH000206: hibernate.properties not found
2019-10-21 19:28:43.606  INFO 1488 --- [           main] o.hibernate.annotations.common.Version   : HCANN000001: Hibernate Commons Annotations {5.0.4.Final}
2019-10-21 19:28:43.846  INFO 1488 --- [           main] org.hibernate.dialect.Dialect            : HHH000400: Using dialect: org.hibernate.dialect.MySQL5Dialect
2019-10-21 19:28:44.056  INFO 1488 --- [           main] o.h.t.schema.internal.SchemaCreatorImpl  : HHH000476: Executing import script 'org.hibernate.tool.schema.internal.exec.ScriptSourceInputNonExistentImpl@294aba23'
2019-10-21 19:28:44.057  INFO 1488 --- [           main] j.LocalContainerEntityManagerFactoryBean : Initialized JPA EntityManagerFactory for persistence unit 'default'
2019-10-21 19:28:44.745  INFO 1488 --- [           main] o.s.s.concurrent.ThreadPoolTaskExecutor  : Initializing ExecutorService 'applicationTaskExecutor'
2019-10-21 19:28:44.804  WARN 1488 --- [           main] aWebConfiguration$JpaWebMvcConfiguration : spring.jpa.open-in-view is enabled by default. Therefore, database queries may be performed during view rendering. Explicitly configure spring.jpa.open-in-view to disable this warning
2019-10-21 19:28:45.350  INFO 1488 --- [           main] c.s.recipes.RecipesApplicationTests      : Started RecipesApplicationTests in 4.018 seconds (JVM running for 4.765)
[INFO] Tests run: 1, Failures: 0, Errors: 0, Skipped: 0, Time elapsed: 4.622 s - in com.samsolutions.recipes.RecipesApplicationTests
2019-10-21 19:28:45.583  INFO 1488 --- [       Thread-3] o.s.s.concurrent.ThreadPoolTaskExecutor  : Shutting down ExecutorService 'applicationTaskExecutor'
2019-10-21 19:28:45.584  INFO 1488 --- [       Thread-3] j.LocalContainerEntityManagerFactoryBean : Closing JPA EntityManagerFactory for persistence unit 'default'
2019-10-21 19:28:45.588  INFO 1488 --- [       Thread-3] com.zaxxer.hikari.HikariDataSource       : HikariPool-1 - Shutdown initiated...
2019-10-21 19:28:45.624  INFO 1488 --- [       Thread-3] com.zaxxer.hikari.HikariDataSource       : HikariPool-1 - Shutdown completed.
[INFO] 
[INFO] Results:
[INFO] 
[INFO] Tests run: 1, Failures: 0, Errors: 0, Skipped: 0
[INFO] 
[INFO] 
[INFO] --- maven-jar-plugin:3.1.2:jar (default-jar) @ recipes ---
[INFO] Building jar: C:\Users\alkam\IdeaProjects\Recipes\target\recipes-0.0.1-SNAPSHOT.jar
[INFO] 
[INFO] --- spring-boot-maven-plugin:2.1.9.RELEASE:repackage (repackage) @ recipes ---
[INFO] Replacing main artifact with repackaged archive
[INFO] 
[INFO] --- maven-install-plugin:2.5.2:install (default-install) @ recipes ---
[INFO] Installing C:\Users\alkam\IdeaProjects\Recipes\target\recipes-0.0.1-SNAPSHOT.jar to C:\Users\alkam\.m2\repository\com\sam-solutions\recipes\0.0.1-SNAPSHOT\recipes-0.0.1-SNAPSHOT.jar
[INFO] Installing C:\Users\alkam\IdeaProjects\Recipes\pom.xml to C:\Users\alkam\.m2\repository\com\sam-solutions\recipes\0.0.1-SNAPSHOT\recipes-0.0.1-SNAPSHOT.pom
[INFO] ------------------------------------------------------------------------
[INFO] BUILD SUCCESS
[INFO] ------------------------------------------------------------------------
[INFO] Total time: 10.166 s
[INFO] Finished at: 2019-10-21T19:28:48+03:00
[INFO] Final Memory: 44M/331M
[INFO] ------------------------------------------------------------------------
